2025-05-17 21:59:58.913 [info] [main] Log level: Info
2025-05-17 21:59:58.913 [info] [main] Validating found git in: "git"
2025-05-17 21:59:58.913 [info] [main] Using git "2.49.0" from "git"
2025-05-17 21:59:58.913 [info] [Model][doInitialScan] Initial repository scan started
2025-05-17 21:59:58.913 [info] [Model][doInitialScan] Initial repository scan completed - repositories (0), closed repositories (0), parent repositories (0), unsafe repositories (0)
2025-05-17 22:00:28.165 [info] [main] Log level: Info
2025-05-17 22:00:28.165 [info] [main] Validating found git in: "git"
2025-05-17 22:00:28.165 [info] [main] Using git "2.49.0" from "git"
2025-05-17 22:00:28.165 [info] [Model][doInitialScan] Initial repository scan started
2025-05-17 22:00:28.165 [info] > git rev-parse --show-toplevel [48ms]
2025-05-17 22:00:28.182 [info] > git rev-parse --show-toplevel [3ms]
2025-05-17 22:00:28.194 [info] > git rev-parse --show-toplevel [4ms]
2025-05-17 22:00:28.207 [info] > git rev-parse --show-toplevel [3ms]
2025-05-17 22:00:28.220 [info] > git rev-parse --show-toplevel [3ms]
2025-05-17 22:00:28.233 [info] > git rev-parse --show-toplevel [3ms]
2025-05-17 22:00:28.242 [info] > git rev-parse --show-toplevel [2ms]
2025-05-17 22:00:28.257 [info] > git rev-parse --show-toplevel [3ms]
2025-05-17 22:00:28.269 [info] > git rev-parse --show-toplevel [2ms]
2025-05-17 22:00:28.279 [info] > git rev-parse --show-toplevel [2ms]
2025-05-17 22:00:28.292 [info] > git rev-parse --show-toplevel [4ms]
2025-05-17 22:00:28.305 [info] > git rev-parse --show-toplevel [3ms]
2025-05-17 22:00:28.326 [info] > git rev-parse --show-toplevel [6ms]
2025-05-17 22:00:28.342 [info] > git rev-parse --show-toplevel [3ms]
2025-05-17 22:00:28.346 [info] [Model][doInitialScan] Initial repository scan completed - repositories (0), closed repositories (0), parent repositories (1), unsafe repositories (0)
2025-05-17 22:00:32.099 [info] > git rev-parse --show-toplevel [8ms]
2025-05-17 22:00:45.890 [info] > git rev-parse --show-toplevel [6ms]
